# JRE version: Java(TM) SE Runtime Environment (21.0.7+8) (build 21.0.7+8-LTS-245)
# Java VM: Java HotSpot(TM) 64-Bit Server VM (21.0.7+8-LTS-245, mixed mode, sharing, tiered, compressed oops, compressed class ptrs, g1 gc, windows-amd64)
GC Precious Log:
 CardTable entry size: 512
 Card Set container configuration: InlinePtr #cards 5 size 8 Array Of Cards #cards 12 size 40 Howl #buckets 4 coarsen threshold 1843 Howl Bitmap #cards 512 size 80 coarsen threshold 460 Card regions per heap region 1 cards per card region 2048
 CPUs: 16 total, 16 available
 Memory: 31861M
 Large Page Support: Disabled
 NUMA Support: Disabled
 Compressed Oops: Enabled (32-bit)
 Heap Region Size: 1M
 Heap Min Capacity: 256M
 Heap Initial Capacity: 256M
 Heap Max Capacity: 512M
 Pre-touch: Disabled
 Parallel Workers: 13
 Concurrent Workers: 3
 Concurrent Refinement Workers: 13
 Periodic GC: Disabled
Heap:
 garbage-first heap   total 262144K, used 81602K [0x00000000e0000000, 0x0000000100000000)
  region size 1024K, 13 young (13312K), 2 survivors (2048K)
 Metaspace       used 84884K, committed 87296K, reserved 458752K
  class space    used 11352K, committed 12544K, reserved 327680K
GC Heap History (20 events):
Event: 5.317 GC heap before
{Heap before GC invocations=2 (full 0):
 garbage-first heap   total 262144K, used 154044K [0x00000000e0000000, 0x0000000100000000)
  region size 1024K, 145 young (148480K), 5 survivors (5120K)
 Metaspace       used 20837K, committed 21504K, reserved 393216K
  class space    used 2985K, committed 3328K, reserved 327680K
}
Event: 5.322 GC heap after
{Heap after GC invocations=3 (full 0):
 garbage-first heap   total 262144K, used 24064K [0x00000000e0000000, 0x0000000100000000)
  region size 1024K, 18 young (18432K), 18 survivors (18432K)
 Metaspace       used 20837K, committed 21504K, reserved 393216K
  class space    used 2985K, committed 3328K, reserved 327680K
}
Event: 7.199 GC heap before
{Heap before GC invocations=4 (full 0):
 garbage-first heap   total 262144K, used 135680K [0x00000000e0000000, 0x0000000100000000)
  region size 1024K, 124 young (126976K), 18 survivors (18432K)
 Metaspace       used 34955K, committed 35968K, reserved 393216K
  class space    used 4784K, committed 5312K, reserved 327680K
}
Event: 7.205 GC heap after
{Heap after GC invocations=5 (full 0):
 garbage-first heap   total 262144K, used 33063K [0x00000000e0000000, 0x0000000100000000)
  region size 1024K, 10 young (10240K), 10 survivors (10240K)
 Metaspace       used 34955K, committed 35968K, reserved 393216K
  class space    used 4784K, committed 5312K, reserved 327680K
}
Event: 8.033 GC heap before
{Heap before GC invocations=6 (full 0):
 garbage-first heap   total 262144K, used 180519K [0x00000000e0000000, 0x0000000100000000)
  region size 1024K, 153 young (156672K), 10 survivors (10240K)
 Metaspace       used 51394K, committed 53120K, reserved 393216K
  class space    used 7291K, committed 8128K, reserved 327680K
}
Event: 8.037 GC heap after
{Heap after GC invocations=7 (full 0):
 garbage-first heap   total 262144K, used 40459K [0x00000000e0000000, 0x0000000100000000)
  region size 1024K, 17 young (17408K), 17 survivors (17408K)
 Metaspace       used 51394K, committed 53120K, reserved 393216K
  class space    used 7291K, committed 8128K, reserved 327680K
}
Event: 8.418 GC heap before
{Heap before GC invocations=7 (full 0):
 garbage-first heap   total 262144K, used 72203K [0x00000000e0000000, 0x0000000100000000)
  region size 1024K, 49 young (50176K), 17 survivors (17408K)
 Metaspace       used 58303K, committed 60096K, reserved 393216K
  class space    used 8126K, committed 9024K, reserved 327680K
}
Event: 8.421 GC heap after
{Heap after GC invocations=8 (full 0):
 garbage-first heap   total 262144K, used 43639K [0x00000000e0000000, 0x0000000100000000)
  region size 1024K, 12 young (12288K), 12 survivors (12288K)
 Metaspace       used 58303K, committed 60096K, reserved 393216K
  class space    used 8126K, committed 9024K, reserved 327680K
}
Event: 31.006 GC heap before
{Heap before GC invocations=9 (full 0):
 garbage-first heap   total 262144K, used 188023K [0x00000000e0000000, 0x0000000100000000)
  region size 1024K, 153 young (156672K), 12 survivors (12288K)
 Metaspace       used 67237K, committed 69440K, reserved 393216K
  class space    used 9447K, committed 10496K, reserved 327680K
}
Event: 31.011 GC heap after
{Heap after GC invocations=10 (full 0):
 garbage-first heap   total 262144K, used 56072K [0x00000000e0000000, 0x0000000100000000)
  region size 1024K, 16 young (16384K), 16 survivors (16384K)
 Metaspace       used 67237K, committed 69440K, reserved 393216K
  class space    used 9447K, committed 10496K, reserved 327680K
}
Event: 1399.588 GC heap before
{Heap before GC invocations=10 (full 0):
 garbage-first heap   total 262144K, used 195336K [0x00000000e0000000, 0x0000000100000000)
  region size 1024K, 153 young (156672K), 16 survivors (16384K)
 Metaspace       used 72715K, committed 74880K, reserved 393216K
  class space    used 10068K, committed 11136K, reserved 327680K
}
Event: 1399.592 GC heap after
{Heap after GC invocations=11 (full 0):
 garbage-first heap   total 262144K, used 62285K [0x00000000e0000000, 0x0000000100000000)
  region size 1024K, 7 young (7168K), 7 survivors (7168K)
 Metaspace       used 72715K, committed 74880K, reserved 393216K
  class space    used 10068K, committed 11136K, reserved 327680K
}
Event: 2474.919 GC heap before
{Heap before GC invocations=11 (full 0):
 garbage-first heap   total 262144K, used 210765K [0x00000000e0000000, 0x0000000100000000)
  region size 1024K, 153 young (156672K), 7 survivors (7168K)
 Metaspace       used 76479K, committed 78848K, reserved 458752K
  class space    used 10488K, committed 11648K, reserved 327680K
}
Event: 2474.924 GC heap after
{Heap after GC invocations=12 (full 0):
 garbage-first heap   total 262144K, used 71866K [0x00000000e0000000, 0x0000000100000000)
  region size 1024K, 17 young (17408K), 17 survivors (17408K)
 Metaspace       used 76479K, committed 78848K, reserved 458752K
  class space    used 10488K, committed 11648K, reserved 327680K
}
Event: 2690.306 GC heap before
{Heap before GC invocations=12 (full 0):
 garbage-first heap   total 262144K, used 210106K [0x00000000e0000000, 0x0000000100000000)
  region size 1024K, 153 young (156672K), 17 survivors (17408K)
 Metaspace       used 83960K, committed 86336K, reserved 458752K
  class space    used 11311K, committed 12480K, reserved 327680K
}
Event: 2690.311 GC heap after
{Heap after GC invocations=13 (full 0):
 garbage-first heap   total 262144K, used 79672K [0x00000000e0000000, 0x0000000100000000)
  region size 1024K, 13 young (13312K), 13 survivors (13312K)
 Metaspace       used 83960K, committed 86336K, reserved 458752K
  class space    used 11311K, committed 12480K, reserved 327680K
}
Event: 3259.248 GC heap before
{Heap before GC invocations=13 (full 0):
 garbage-first heap   total 262144K, used 222008K [0x00000000e0000000, 0x0000000100000000)
  region size 1024K, 153 young (156672K), 13 survivors (13312K)
 Metaspace       used 84732K, committed 87168K, reserved 458752K
  class space    used 11351K, committed 12544K, reserved 327680K
}
Event: 3259.251 GC heap after
{Heap after GC invocations=14 (full 0):
 garbage-first heap   total 262144K, used 80428K [0x00000000e0000000, 0x0000000100000000)
  region size 1024K, 11 young (11264K), 11 survivors (11264K)
 Metaspace       used 84732K, committed 87168K, reserved 458752K
  class space    used 11351K, committed 12544K, reserved 327680K
}
Event: 3453.341 GC heap before
{Heap before GC invocations=14 (full 0):
 garbage-first heap   total 262144K, used 90668K [0x00000000e0000000, 0x0000000100000000)
  region size 1024K, 23 young (23552K), 11 survivors (11264K)
 Metaspace       used 84788K, committed 87168K, reserved 458752K
  class space    used 11352K, committed 12544K, reserved 327680K
}
Event: 3453.342 GC heap after
{Heap after GC invocations=15 (full 0):
 garbage-first heap   total 262144K, used 71362K [0x00000000e0000000, 0x0000000100000000)
  region size 1024K, 2 young (2048K), 2 survivors (2048K)
 Metaspace       used 84788K, committed 87168K, reserved 458752K
  class space    used 11352K, committed 12544K, reserved 327680K
}

